Fold 0
Model 0 best validation auc = 0.902374 on epoch 27
Model 0 test auc = 0.894696
Ensemble test auc = 0.894696
Fold 1
Model 0 best validation auc = 0.846184 on epoch 13
Model 0 test auc = 0.888663
Ensemble test auc = 0.888663
Fold 2
Model 0 best validation auc = 0.904454 on epoch 24
Model 0 test auc = 0.854743
Ensemble test auc = 0.854743
Fold 3
Model 0 best validation auc = 0.810239 on epoch 19
Model 0 test auc = 0.875123
Ensemble test auc = 0.875123
Fold 4
Model 0 best validation auc = 0.853733 on epoch 11
Model 0 test auc = 0.754427
Ensemble test auc = 0.754427
Fold 5
Model 0 best validation auc = 0.853101 on epoch 22
Model 0 test auc = 0.819722
Ensemble test auc = 0.819722
Fold 6
Model 0 best validation auc = 0.838670 on epoch 13
Model 0 test auc = 0.841970
Ensemble test auc = 0.841970
Fold 7
Model 0 best validation auc = 0.880762 on epoch 29
Model 0 test auc = 0.841858
Ensemble test auc = 0.841858
Fold 8
Model 0 best validation auc = 0.884900 on epoch 25
Model 0 test auc = 0.880173
Ensemble test auc = 0.880173
Fold 9
Model 0 best validation auc = 0.893508 on epoch 27
Model 0 test auc = 0.893126
Ensemble test auc = 0.893126
10-fold cross validation
	Seed 42 ==> test auc = 0.894696
	Seed 43 ==> test auc = 0.888663
	Seed 44 ==> test auc = 0.854743
	Seed 45 ==> test auc = 0.875123
	Seed 46 ==> test auc = 0.754427
	Seed 47 ==> test auc = 0.819722
	Seed 48 ==> test auc = 0.841970
	Seed 49 ==> test auc = 0.841858
	Seed 50 ==> test auc = 0.880173
	Seed 51 ==> test auc = 0.893126
Overall test auc = 0.854450 +/- 0.041110
Elapsed time = 0:56:52
