Fold 0
Model 0 best validation auc = 0.994141 on epoch 17
Model 0 test auc = 0.993286
Ensemble test auc = 0.993286
Fold 1
Model 0 best validation auc = 0.991414 on epoch 5
Model 0 test auc = 0.992659
Ensemble test auc = 0.992659
Fold 2
Model 0 best validation auc = 0.991224 on epoch 11
Model 0 test auc = 0.988165
Ensemble test auc = 0.988165
Fold 3
Model 0 best validation auc = 0.994724 on epoch 12
Model 0 test auc = 0.987951
Ensemble test auc = 0.987951
Fold 4
Model 0 best validation auc = 0.993114 on epoch 8
Model 0 test auc = 0.992804
Ensemble test auc = 0.992804
Fold 5
Model 0 best validation auc = 0.993908 on epoch 8
Model 0 test auc = 0.989247
Ensemble test auc = 0.989247
Fold 6
Model 0 best validation auc = 0.993159 on epoch 10
Model 0 test auc = 0.992154
Ensemble test auc = 0.992154
Fold 7
Model 0 best validation auc = 0.990880 on epoch 14
Model 0 test auc = 0.991623
Ensemble test auc = 0.991623
Fold 8
Model 0 best validation auc = 0.994643 on epoch 24
Model 0 test auc = 0.989257
Ensemble test auc = 0.989257
Fold 9
Model 0 best validation auc = 0.993467 on epoch 12
Model 0 test auc = 0.991993
Ensemble test auc = 0.991993
10-fold cross validation
	Seed 42 ==> test auc = 0.993286
	Seed 43 ==> test auc = 0.992659
	Seed 44 ==> test auc = 0.988165
	Seed 45 ==> test auc = 0.987951
	Seed 46 ==> test auc = 0.992804
	Seed 47 ==> test auc = 0.989247
	Seed 48 ==> test auc = 0.992154
	Seed 49 ==> test auc = 0.991623
	Seed 50 ==> test auc = 0.989257
	Seed 51 ==> test auc = 0.991993
Overall test auc = 0.990914 +/- 0.001931
Elapsed time = 4:10:47
